
**********error**********
@@@@@@@@ {"errNo":2,"errStr":"include(tpl\/BaseConfig.php): failed to open stream: No such file or directory","errFile":"\/var\/www\/zhongqiOA\/tpl\/common\/main.php","errLine":13} @@@@@@@@
Begin Time: 2015-01-16 10:38:06
**********error**********
@@@@@@@@ {"errNo":2,"errStr":"include(): Failed opening 'tpl\/BaseConfig.php' for inclusion (include_path='.:\/usr\/share\/php:\/usr\/share\/pear')","errFile":"\/var\/www\/zhongqiOA\/tpl\/common\/main.php","errLine":13} @@@@@@@@
Begin Time: 2015-01-16 10:38:06
**********error**********
@@@@@@@@ {"errNo":2,"errStr":"mysql_fetch_array() expects parameter 1 to be resource, null given","errFile":"\/var\/www\/zhongqiOA\/tpl\/site_index.php","errLine":57} @@@@@@@@
Begin Time: 2015-01-16 10:38:06
**********error**********
@@@@@@@@ {"errNo":2,"errStr":"include(tpl\/BaseConfig.php): failed to open stream: No such file or directory","errFile":"\/var\/www\/zhongqiOA\/tpl\/common\/main.php","errLine":13} @@@@@@@@
Begin Time: 2015-01-16 13:58:53
**********error**********
@@@@@@@@ {"errNo":2,"errStr":"include(): Failed opening 'tpl\/BaseConfig.php' for inclusion (include_path='.:\/usr\/share\/php:\/usr\/share\/pear')","errFile":"\/var\/www\/zhongqiOA\/tpl\/common\/main.php","errLine":13} @@@@@@@@
Begin Time: 2015-01-16 13:58:53
**********error**********
@@@@@@@@ {"errNo":2,"errStr":"mysql_fetch_array() expects parameter 1 to be resource, null given","errFile":"\/var\/www\/zhongqiOA\/tpl\/site_index.php","errLine":57} @@@@@@@@
Begin Time: 2015-01-16 13:58:53
**********error**********
@@@@@@@@ {"errNo":2,"errStr":"include(tpl\/BaseConfig.php): failed to open stream: No such file or directory","errFile":"\/var\/www\/zhongqiOA\/tpl\/common\/main.php","errLine":13} @@@@@@@@
Begin Time: 2015-01-16 14:00:54
**********error**********
@@@@@@@@ {"errNo":2,"errStr":"include(): Failed opening 'tpl\/BaseConfig.php' for inclusion (include_path='.:\/usr\/share\/php:\/usr\/share\/pear')","errFile":"\/var\/www\/zhongqiOA\/tpl\/common\/main.php","errLine":13} @@@@@@@@
Begin Time: 2015-01-16 14:00:54
**********error**********
@@@@@@@@ {"errNo":2,"errStr":"mysql_fetch_array() expects parameter 1 to be resource, null given","errFile":"\/var\/www\/zhongqiOA\/tpl\/site_index.php","errLine":57} @@@@@@@@
Begin Time: 2015-01-16 14:00:54
**********error**********
@@@@@@@@ {"errNo":2,"errStr":"mysql_fetch_array() expects parameter 1 to be resource, null given","errFile":"\/var\/www\/zhongqiOA\/tpl\/site_index.php","errLine":57} @@@@@@@@
Begin Time: 2015-01-16 14:04:56
**************sql_msg**************
@@@@@@@@ select *  from OA_salary where salaryTimeId= @@@@@@@@
Begin Time: 2015-01-16 14:24:37
**********error**********
@@@@@@@@ {"errNo":2,"errStr":"mysql_fetch_array() expects parameter 1 to be resource, boolean given","errFile":"\/var\/www\/zhongqiOA\/module\/action\/SalaryAction.class.php","errLine":106} @@@@@@@@
Begin Time: 2015-01-16 14:24:37
**************sql_msg**************
@@@@@@@@ select *  from OA_total where salaryTime_Id= limit 1 @@@@@@@@
Begin Time: 2015-01-16 14:24:37
**********error**********
@@@@@@@@ {"errNo":2,"errStr":"mysql_fetch_array() expects parameter 1 to be resource, boolean given","errFile":"\/var\/www\/zhongqiOA\/module\/dao\/SalaryDao.class.php","errLine":1150} @@@@@@@@
Begin Time: 2015-01-16 14:24:37
**********error**********
@@@@@@@@ {"errNo":2,"errStr":"Invalid argument supplied for foreach()","errFile":"\/var\/www\/zhongqiOA\/tools\/php-excel.class.php","errLine":128} @@@@@@@@
Begin Time: 2015-01-16 14:24:37
**********error**********
@@@@@@@@ {"errNo":2,"errStr":"Invalid argument supplied for foreach()","errFile":"\/var\/www\/zhongqiOA\/tools\/php-excel.class.php","errLine":128} @@@@@@@@
Begin Time: 2015-01-16 14:24:37
**********error**********
@@@@@@@@ {"errNo":2,"errStr":"Invalid argument supplied for foreach()","errFile":"\/var\/www\/zhongqiOA\/tools\/php-excel.class.php","errLine":128} @@@@@@@@
Begin Time: 2015-01-16 14:24:37
**********error**********
@@@@@@@@ {"errNo":2,"errStr":"include(tpl\/BaseConfig.php): failed to open stream: No such file or directory","errFile":"\/var\/www\/zhongqiOA\/tpl\/common\/main.php","errLine":13} @@@@@@@@
Begin Time: 2015-01-16 14:24:37
**********error**********
@@@@@@@@ {"errNo":2,"errStr":"include(): Failed opening 'tpl\/BaseConfig.php' for inclusion (include_path='.:\/usr\/share\/php:\/usr\/share\/pear')","errFile":"\/var\/www\/zhongqiOA\/tpl\/common\/main.php","errLine":13} @@@@@@@@
Begin Time: 2015-01-16 14:24:37
**************sql_msg**************
@@@@@@@@ select *  from OA_salary where salaryTimeId= @@@@@@@@
Begin Time: 2015-01-16 14:26:11
**********error**********
@@@@@@@@ {"errNo":2,"errStr":"mysql_fetch_array() expects parameter 1 to be resource, boolean given","errFile":"\/var\/www\/zhongqiOA\/module\/action\/SalaryAction.class.php","errLine":106} @@@@@@@@
Begin Time: 2015-01-16 14:26:11
**************sql_msg**************
@@@@@@@@ select *  from OA_total where salaryTime_Id= limit 1 @@@@@@@@
Begin Time: 2015-01-16 14:26:11
**********error**********
@@@@@@@@ {"errNo":2,"errStr":"mysql_fetch_array() expects parameter 1 to be resource, boolean given","errFile":"\/var\/www\/zhongqiOA\/module\/dao\/SalaryDao.class.php","errLine":1150} @@@@@@@@
Begin Time: 2015-01-16 14:26:11
**********error**********
@@@@@@@@ {"errNo":2,"errStr":"Invalid argument supplied for foreach()","errFile":"\/var\/www\/zhongqiOA\/tools\/php-excel.class.php","errLine":128} @@@@@@@@
Begin Time: 2015-01-16 14:26:42
**********error**********
@@@@@@@@ {"errNo":2,"errStr":"Invalid argument supplied for foreach()","errFile":"\/var\/www\/zhongqiOA\/tools\/php-excel.class.php","errLine":128} @@@@@@@@
Begin Time: 2015-01-16 14:26:42
**********error**********
@@@@@@@@ {"errNo":2,"errStr":"Invalid argument supplied for foreach()","errFile":"\/var\/www\/zhongqiOA\/tools\/php-excel.class.php","errLine":128} @@@@@@@@
Begin Time: 2015-01-16 14:26:42
**********error**********
@@@@@@@@ {"errNo":2,"errStr":"Invalid argument supplied for foreach()","errFile":"\/var\/www\/zhongqiOA\/tools\/php-excel.class.php","errLine":128} @@@@@@@@
Begin Time: 2015-01-16 14:26:42
**********error**********
@@@@@@@@ {"errNo":2,"errStr":"Invalid argument supplied for foreach()","errFile":"\/var\/www\/zhongqiOA\/tools\/php-excel.class.php","errLine":128} @@@@@@@@
Begin Time: 2015-01-16 14:26:42
**********error**********
@@@@@@@@ {"errNo":2,"errStr":"Invalid argument supplied for foreach()","errFile":"\/var\/www\/zhongqiOA\/tools\/php-excel.class.php","errLine":128} @@@@@@@@
Begin Time: 2015-01-16 14:26:42
**********error**********
@@@@@@@@ {"errNo":2,"errStr":"Invalid argument supplied for foreach()","errFile":"\/var\/www\/zhongqiOA\/tools\/php-excel.class.php","errLine":128} @@@@@@@@
Begin Time: 2015-01-16 14:26:42
**********error**********
@@@@@@@@ {"errNo":2,"errStr":"Invalid argument supplied for foreach()","errFile":"\/var\/www\/zhongqiOA\/tools\/php-excel.class.php","errLine":128} @@@@@@@@
Begin Time: 2015-01-16 14:26:42
**********error**********
@@@@@@@@ {"errNo":2,"errStr":"Invalid argument supplied for foreach()","errFile":"\/var\/www\/zhongqiOA\/tools\/php-excel.class.php","errLine":128} @@@@@@@@
Begin Time: 2015-01-16 14:26:42
**********error**********
@@@@@@@@ {"errNo":2,"errStr":"Invalid argument supplied for foreach()","errFile":"\/var\/www\/zhongqiOA\/tools\/php-excel.class.php","errLine":128} @@@@@@@@
Begin Time: 2015-01-16 14:26:42
**********error**********
@@@@@@@@ {"errNo":2,"errStr":"Invalid argument supplied for foreach()","errFile":"\/var\/www\/zhongqiOA\/tools\/php-excel.class.php","errLine":128} @@@@@@@@
Begin Time: 2015-01-16 14:26:42
**********error**********
@@@@@@@@ {"errNo":2,"errStr":"Invalid argument supplied for foreach()","errFile":"\/var\/www\/zhongqiOA\/tools\/php-excel.class.php","errLine":128} @@@@@@@@
Begin Time: 2015-01-16 14:26:42
**********error**********
@@@@@@@@ {"errNo":2,"errStr":"Invalid argument supplied for foreach()","errFile":"\/var\/www\/zhongqiOA\/tools\/php-excel.class.php","errLine":128} @@@@@@@@
Begin Time: 2015-01-16 14:26:42
**********error**********
@@@@@@@@ {"errNo":2,"errStr":"Invalid argument supplied for foreach()","errFile":"\/var\/www\/zhongqiOA\/tools\/php-excel.class.php","errLine":128} @@@@@@@@
Begin Time: 2015-01-16 14:26:42
**********error**********
@@@@@@@@ {"errNo":2,"errStr":"Invalid argument supplied for foreach()","errFile":"\/var\/www\/zhongqiOA\/tools\/php-excel.class.php","errLine":128} @@@@@@@@
Begin Time: 2015-01-16 14:26:42
**********error**********
@@@@@@@@ {"errNo":2,"errStr":"Invalid argument supplied for foreach()","errFile":"\/var\/www\/zhongqiOA\/tools\/php-excel.class.php","errLine":128} @@@@@@@@
Begin Time: 2015-01-16 14:26:42
**********error**********
@@@@@@@@ {"errNo":2,"errStr":"Invalid argument supplied for foreach()","errFile":"\/var\/www\/zhongqiOA\/tools\/php-excel.class.php","errLine":128} @@@@@@@@
Begin Time: 2015-01-16 14:26:42
**********error**********
@@@@@@@@ {"errNo":2,"errStr":"Invalid argument supplied for foreach()","errFile":"\/var\/www\/zhongqiOA\/tools\/php-excel.class.php","errLine":128} @@@@@@@@
Begin Time: 2015-01-16 14:26:42
**********error**********
@@@@@@@@ {"errNo":2,"errStr":"Invalid argument supplied for foreach()","errFile":"\/var\/www\/zhongqiOA\/tools\/php-excel.class.php","errLine":128} @@@@@@@@
Begin Time: 2015-01-16 14:26:42
**********error**********
@@@@@@@@ {"errNo":2,"errStr":"Invalid argument supplied for foreach()","errFile":"\/var\/www\/zhongqiOA\/tools\/php-excel.class.php","errLine":128} @@@@@@@@
Begin Time: 2015-01-16 14:26:42
**********error**********
@@@@@@@@ {"errNo":2,"errStr":"Invalid argument supplied for foreach()","errFile":"\/var\/www\/zhongqiOA\/tools\/php-excel.class.php","errLine":128} @@@@@@@@
Begin Time: 2015-01-16 14:26:42
**********error**********
@@@@@@@@ {"errNo":2,"errStr":"Invalid argument supplied for foreach()","errFile":"\/var\/www\/zhongqiOA\/tools\/php-excel.class.php","errLine":128} @@@@@@@@
Begin Time: 2015-01-16 14:26:42
**********error**********
@@@@@@@@ {"errNo":2,"errStr":"Invalid argument supplied for foreach()","errFile":"\/var\/www\/zhongqiOA\/tools\/php-excel.class.php","errLine":128} @@@@@@@@
Begin Time: 2015-01-16 14:26:42
**********error**********
@@@@@@@@ {"errNo":2,"errStr":"include(tpl\/BaseConfig.php): failed to open stream: No such file or directory","errFile":"\/var\/www\/zhongqiOA\/tpl\/common\/main.php","errLine":13} @@@@@@@@
Begin Time: 2015-01-16 14:26:43
**********error**********
@@@@@@@@ {"errNo":2,"errStr":"include(): Failed opening 'tpl\/BaseConfig.php' for inclusion (include_path='.:\/usr\/share\/php:\/usr\/share\/pear')","errFile":"\/var\/www\/zhongqiOA\/tpl\/common\/main.php","errLine":13} @@@@@@@@
Begin Time: 2015-01-16 14:26:43
**********error**********
@@@@@@@@ {"errNo":2,"errStr":"include(tpl\/BaseConfig.php): failed to open stream: No such file or directory","errFile":"\/var\/www\/zhongqiOA\/tpl\/common\/main.php","errLine":13} @@@@@@@@
Begin Time: 2015-01-16 14:29:43
**********error**********
@@@@@@@@ {"errNo":2,"errStr":"include(): Failed opening 'tpl\/BaseConfig.php' for inclusion (include_path='.:\/usr\/share\/php:\/usr\/share\/pear')","errFile":"\/var\/www\/zhongqiOA\/tpl\/common\/main.php","errLine":13} @@@@@@@@
Begin Time: 2015-01-16 14:29:43
**********error**********
@@@@@@@@ {"errNo":2,"errStr":"include(tpl\/BaseConfig.php): failed to open stream: No such file or directory","errFile":"\/var\/www\/zhongqiOA\/tpl\/common\/main.php","errLine":13} @@@@@@@@
Begin Time: 2015-01-16 14:49:47
**********error**********
@@@@@@@@ {"errNo":2,"errStr":"include(): Failed opening 'tpl\/BaseConfig.php' for inclusion (include_path='.:\/usr\/share\/php:\/usr\/share\/pear')","errFile":"\/var\/www\/zhongqiOA\/tpl\/common\/main.php","errLine":13} @@@@@@@@
Begin Time: 2015-01-16 14:49:47
**********error**********
@@@@@@@@ {"errNo":2,"errStr":"mysql_fetch_array() expects parameter 1 to be resource, null given","errFile":"\/var\/www\/zhongqiOA\/tpl\/site_index.php","errLine":57} @@@@@@@@
Begin Time: 2015-01-16 14:49:47
**************sql_msg**************
@@@@@@@@ select *  from OA_total where salaryTime_Id= limit 1 @@@@@@@@
Begin Time: 2015-01-16 17:06:06
**********error**********
@@@@@@@@ {"errNo":2,"errStr":"mysql_fetch_array() expects parameter 1 to be resource, boolean given","errFile":"\/var\/www\/zhongqiOA\/module\/dao\/SalaryDao.class.php","errLine":1167} @@@@@@@@
Begin Time: 2015-01-16 17:06:06
**************sql_msg**************
@@@@@@@@ insert into OA_fukuantongzhi
        (company_name,salary_time_id,salary_time,yingfu_money,
        laowufei_money,fapiao_id_json,jieshou_person_id,jieshou_person_name,zhifu_status,more)
        values ('海淀分局',4728,'',
        '',1099183.86,15840.00,'',
        0,'张超',0,'test
                    '
        ) @@@@@@@@
Begin Time: 2015-01-16 17:07:15
**************sql_msg**************
@@@@@@@@ insert into OA_fukuantongzhi
        (company_name,salary_time_id,salary_time,yingfu_money,
        laowufei_money,fapiao_id_json,jieshou_person_id,jieshou_person_name,zhifu_status,more)
        values ('海淀分局',4728,'',
        '',1099183.86,15840.00,'',
        0,'张超',0,'test
                    '
        ) @@@@@@@@
Begin Time: 2015-01-16 17:08:12
**************sql_msg**************
@@@@@@@@ insert into OA_fukuantongzhi
        (company_name,salary_time_id,salary_time,yingfu_money,
        laowufei_money,fapiao_id_json,jieshou_person_id,jieshou_person_name,zhifu_status,more)
        values ('海淀分局',4728,'',
        '',1099183.86,15840.00,'',
        0,'张超',0,'test
                    '
        ) @@@@@@@@
Begin Time: 2015-01-16 17:08:29
**************sql_msg**************
@@@@@@@@ insert into OA_fukuantongzhi
        (company_name,salary_time_id,salary_time,yingfu_money,
        laowufei_money,fapiao_id_json,jieshou_person_id,jieshou_person_name,zhifu_status,more)
        values ('海淀分局',4728,'',
        '',1099183.86,15840.00,'',
        0,'张超',0,'test
                    '
        ) @@@@@@@@
Begin Time: 2015-01-16 17:10:12
**************sql_msg**************
@@@@@@@@ insert into OA_fukuantongzhi
        (company_name,salary_time_id,salary_time,yingfu_money,
        laowufei_money,fapiao_id_json,jieshou_person_id,jieshou_person_name,zhifu_status,more)
        values ('海淀分局',4728,'',
        '',1099183.86,15840.00,'',
        0,'张超',0,'test
                    '
        ) @@@@@@@@
Begin Time: 2015-01-16 17:11:26
**************sql_msg**************
@@@@@@@@ insert into OA_fukuantongzhi
        (company_name,salary_time_id,salary_time,yingfu_money,
        laowufei_money,fapiao_id_json,jieshou_person_id,jieshou_person_name,zhifu_status,more)
        values ('海淀分局',4728,'',
        '',1099183.86,15840.00,'',
        0,'张超',0,'test
                    '
        ) @@@@@@@@
Begin Time: 2015-01-16 17:11:35
**************sql_msg**************
@@@@@@@@ insert into OA_fukuantongzhi
        (company_name,salary_time_id,salary_time,yingfu_money,
        laowufei_money,fapiao_id_json,jieshou_person_id,jieshou_person_name,zhifu_status,more)
        values ('海淀分局',4728,'',
        '',1099183.86,15840.00,'',
        0,'张超',0,'test
                    '
        ) @@@@@@@@
Begin Time: 2015-01-16 17:12:04
**************sql_msg**************
@@@@@@@@ insert into OA_fukuantongzhi
        (company_name,salary_time_id,salary_time,yingfu_money,
        laowufei_money,fapiao_id_json,jieshou_person_id,jieshou_person_name,zhifu_status,more)
        values ('海淀分局',4728,'',
        '',1099183.86,15840.00,'',
        0,'张超',0,'test
                    '
        ) @@@@@@@@
Begin Time: 2015-01-16 17:12:26
**************sql_msg**************
@@@@@@@@ insert into OA_fukuantongzhi
        (company_name,salary_time_id,salary_time,yingfu_money,
        laowufei_money,fapiao_id_json,jieshou_person_id,jieshou_person_name,zhifu_status,more)
        values ('海淀分局',4728,'',
        '',1099183.86,15840.00,'',
        0,'张超',0,'test
                    '
        ) @@@@@@@@
Begin Time: 2015-01-16 17:13:32
**************sql_msg**************
@@@@@@@@ insert into OA_fukuantongzhi
        (company_name,salary_time_id,yingfu_money,
        laowufei_money,fapiao_id_json,jieshou_person_id,jieshou_person_name,zhifu_status,more)
        values ('海淀分局',4728,'',
        '',1099183.86,15840.00,'',
        0,'张超',0,'test
                    '
        ) @@@@@@@@
Begin Time: 2015-01-16 17:15:44
**********error**********
@@@@@@@@ {"errNo":2,"errStr":"include(tpl\/BaseConfig.php): failed to open stream: No such file or directory","errFile":"\/var\/www\/zhongqiOA\/tpl\/common\/main.php","errLine":13} @@@@@@@@
Begin Time: 2015-01-16 19:06:51
**********error**********
@@@@@@@@ {"errNo":2,"errStr":"include(): Failed opening 'tpl\/BaseConfig.php' for inclusion (include_path='.:\/usr\/share\/php:\/usr\/share\/pear')","errFile":"\/var\/www\/zhongqiOA\/tpl\/common\/main.php","errLine":13} @@@@@@@@
Begin Time: 2015-01-16 19:06:51
**********error**********
@@@@@@@@ {"errNo":2,"errStr":"mysql_fetch_array() expects parameter 1 to be resource, null given","errFile":"\/var\/www\/zhongqiOA\/tpl\/site_index.php","errLine":57} @@@@@@@@
Begin Time: 2015-01-16 19:06:51
**********error**********
@@@@@@@@ {"errNo":2,"errStr":"include(tpl\/BaseConfig.php): failed to open stream: No such file or directory","errFile":"\/var\/www\/zhongqiOA\/tpl\/common\/main.php","errLine":13} @@@@@@@@
Begin Time: 2015-01-16 19:20:45
**********error**********
@@@@@@@@ {"errNo":2,"errStr":"include(): Failed opening 'tpl\/BaseConfig.php' for inclusion (include_path='.:\/usr\/share\/php:\/usr\/share\/pear')","errFile":"\/var\/www\/zhongqiOA\/tpl\/common\/main.php","errLine":13} @@@@@@@@
Begin Time: 2015-01-16 19:20:45