
**************sql_msg**************
@@@@@@@@ update or_admin  set last_login_time=now()  where id=1 @@@@@@@@
Begin Time: 2014-12-26 23:22:43
**********error**********
@@@@@@@@ {"errNo":2,"errStr":"include(tpl\/BaseConfig.php): failed to open stream: No such file or directory","errFile":"\/var\/www\/zhongqiOA\/tpl\/common\/main.php","errLine":13} @@@@@@@@
Begin Time: 2014-12-26 23:22:43
**********error**********
@@@@@@@@ {"errNo":2,"errStr":"include(): Failed opening 'tpl\/BaseConfig.php' for inclusion (include_path='.:\/usr\/share\/php:\/usr\/share\/pear')","errFile":"\/var\/www\/zhongqiOA\/tpl\/common\/main.php","errLine":13} @@@@@@@@
Begin Time: 2014-12-26 23:22:43
**********error**********
@@@@@@@@ {"errNo":2,"errStr":"mysql_fetch_array() expects parameter 1 to be resource, null given","errFile":"\/var\/www\/zhongqiOA\/tpl\/site_index.php","errLine":57} @@@@@@@@
Begin Time: 2014-12-26 23:22:44
**********error**********
@@@@@@@@ {"errNo":2,"errStr":"Invalid argument supplied for foreach()","errFile":"\/var\/www\/zhongqiOA\/tpl\/company\/company_list.php","errLine":75} @@@@@@@@
Begin Time: 2014-12-26 23:22:51
**********error**********
@@@@@@@@ {"errNo":2,"errStr":"Invalid argument supplied for foreach()","errFile":"\/var\/www\/zhongqiOA\/tpl\/company\/company_list.php","errLine":158} @@@@@@@@
Begin Time: 2014-12-26 23:22:51
**********error**********
@@@@@@@@ {"errNo":2,"errStr":"Invalid argument supplied for foreach()","errFile":"\/var\/www\/zhongqiOA\/tpl\/company\/company_list.php","errLine":167} @@@@@@@@
Begin Time: 2014-12-26 23:22:51