
**************sql_msg**************
@@@@@@@@ update OA_admin  set last_login_time=now()  where id= @@@@@@@@
Begin Time: 2015-01-24 10:59:36
**********error**********
@@@@@@@@ {"errNo":2,"errStr":"include(tpl\/BaseConfig.php): failed to open stream: No such file or directory","errFile":"\/var\/www\/zhongqiOA\/tpl\/common\/main.php","errLine":13} @@@@@@@@
Begin Time: 2015-01-24 10:59:36
**********error**********
@@@@@@@@ {"errNo":2,"errStr":"include(): Failed opening 'tpl\/BaseConfig.php' for inclusion (include_path='.:\/usr\/share\/php:\/usr\/share\/pear')","errFile":"\/var\/www\/zhongqiOA\/tpl\/common\/main.php","errLine":13} @@@@@@@@
Begin Time: 2015-01-24 10:59:36
**********error**********
@@@@@@@@ {"errNo":2,"errStr":"include(tpl\/BaseConfig.php): failed to open stream: No such file or directory","errFile":"\/var\/www\/zhongqiOA\/tpl\/common\/main.php","errLine":13} @@@@@@@@
Begin Time: 2015-01-24 10:59:53
**********error**********
@@@@@@@@ {"errNo":2,"errStr":"include(): Failed opening 'tpl\/BaseConfig.php' for inclusion (include_path='.:\/usr\/share\/php:\/usr\/share\/pear')","errFile":"\/var\/www\/zhongqiOA\/tpl\/common\/main.php","errLine":13} @@@@@@@@
Begin Time: 2015-01-24 10:59:53
**********error**********
@@@@@@@@ {"errNo":2,"errStr":"mysql_fetch_array() expects parameter 1 to be resource, null given","errFile":"\/var\/www\/zhongqiOA\/tpl\/site_index.php","errLine":57} @@@@@@@@
Begin Time: 2015-01-24 10:59:53
**********error**********
@@@@@@@@ {"errNo":2,"errStr":"include(tpl\/BaseConfig.php): failed to open stream: No such file or directory","errFile":"\/var\/www\/zhongqiOA\/tpl\/common\/main.php","errLine":13} @@@@@@@@
Begin Time: 2015-01-24 11:08:14
**********error**********
@@@@@@@@ {"errNo":2,"errStr":"include(): Failed opening 'tpl\/BaseConfig.php' for inclusion (include_path='.:\/usr\/share\/php:\/usr\/share\/pear')","errFile":"\/var\/www\/zhongqiOA\/tpl\/common\/main.php","errLine":13} @@@@@@@@
Begin Time: 2015-01-24 11:08:14
**********error**********
@@@@@@@@ {"errNo":2,"errStr":"mysql_fetch_array() expects parameter 1 to be resource, null given","errFile":"\/var\/www\/zhongqiOA\/tpl\/site_index.php","errLine":57} @@@@@@@@
Begin Time: 2015-01-24 11:08:14